INFO main pdgf.actions.LoadConfigAction - Parsing configuration file: /Users/Weizheng/git/schema_design/src/duke/hbase/cm/tdg/pdgf/xml_schema/z.xml
INFO main pdgf.actions.LoadConfigAction - parsing config file data...
INFO main pdgf.core.dbSchema.Project - Config File is <project> configuration...
INFO main pdgf.output.CSVRowOutput - Testing specified output dir... 
INFO main pdgf.output.CSVRowOutput -  Created file: ../csv_data/OUTPUT_TEST.csv
INFO main pdgf.output.CSVRowOutput - Output dir ok!
INFO main pdgf.output.CSVRowOutput - Writing all files to folder: /Users/Weizheng/git/schema_design/src/duke/hbase/cm/tdg/pdgf/../csv_data/
INFO main pdgf.core.dbSchema.Project - Found 1 tables
INFO main pdgf.actions.LoadConfigAction - Configuration File "z.xml" imported without errors
INFO main pdgf.actions.LoadConfigAction - Configuration File imported without errors
INFO main pdgf.core.dataGenerator.DataGenerator - Worker count was not specified manually. Detected 4 available processors and start now same amount of workers
INFO main pdgf.output.CSVRowOutput -  Created file: ../csv_data/Z.csv
INFO main pdgf.core.dataGenerator.DataGenerator - Data generation procces started. Created 4 workers for this task.
INFO main pdgf.Controller - Data generation procces started. Created 4 workers for this task.
INFO Thread-3 pdgf.Controller - 
INFO Thread-3 pdgf.core.dataGenerator.DataGenerator - REPORT
=======================
Max time of a worker: 54ms average time: 52
Generator overall time: 55ms
INFO Thread-3 pdgf.core.dataGenerator.DataGenerator - finished processing after 0s. Saved processing statistics file GeneratorStatistics_1.csv to /Users/Weizheng/git/schema_design/src/duke/hbase/cm/tdg/pdgf/../csv_data/GeneratorStatistics_1.csv
INFO Thread-3 pdgf.Controller - finished processing after 0s. Saved processing statistics file GeneratorStatistics_1.csv to /Users/Weizheng/git/schema_design/src/duke/hbase/cm/tdg/pdgf/../csv_data/GeneratorStatistics_1.csv
INFO Thread-3 pdgf.core.dataGenerator.DataGenerator - stop failed for worker: 2 force worker to die..
INFO Thread-3 pdgf.core.dataGenerator.DataGenerator - All workers stopped successfully!
INFO main pdgf.actions.LoadConfigAction - Parsing configuration file: /Users/Weizheng/git/schema_design/src/duke/hbase/cm/tdg/pdgf/xml_schema/z.xml
INFO main pdgf.actions.LoadConfigAction - parsing config file data...
INFO main pdgf.core.dbSchema.Project - Config File is <project> configuration...
INFO main pdgf.output.CSVRowOutput - Testing specified output dir... 
INFO main pdgf.output.CSVRowOutput -  Created file: ../csv_data/OUTPUT_TEST.csv
INFO main pdgf.output.CSVRowOutput - Output dir ok!
INFO main pdgf.output.CSVRowOutput - Writing all files to folder: /Users/Weizheng/git/schema_design/src/duke/hbase/cm/tdg/pdgf/../csv_data/
INFO main pdgf.core.dbSchema.Project - Found 1 tables
INFO main pdgf.actions.LoadConfigAction - Configuration File "z.xml" imported without errors
INFO main pdgf.actions.LoadConfigAction - Configuration File imported without errors
INFO main pdgf.core.dataGenerator.DataGenerator - Worker count was not specified manually. Detected 4 available processors and start now same amount of workers
INFO main pdgf.output.CSVRowOutput -  Created file: ../csv_data/Z.csv
INFO main pdgf.core.dataGenerator.DataGenerator - Data generation procces started. Created 4 workers for this task.
INFO main pdgf.Controller - Data generation procces started. Created 4 workers for this task.
INFO Thread-2 pdgf.Controller - 
INFO Thread-2 pdgf.core.dataGenerator.DataGenerator - REPORT
=======================
Max time of a worker: 56ms average time: 54
Generator overall time: 57ms
INFO Thread-2 pdgf.core.dataGenerator.DataGenerator - finished processing after 0s. Saved processing statistics file GeneratorStatistics_1.csv to /Users/Weizheng/git/schema_design/src/duke/hbase/cm/tdg/pdgf/../csv_data/GeneratorStatistics_1.csv
INFO Thread-2 pdgf.Controller - finished processing after 0s. Saved processing statistics file GeneratorStatistics_1.csv to /Users/Weizheng/git/schema_design/src/duke/hbase/cm/tdg/pdgf/../csv_data/GeneratorStatistics_1.csv
INFO Thread-2 pdgf.core.dataGenerator.DataGenerator - stop failed for worker: 1 force worker to die..
INFO Thread-2 pdgf.core.dataGenerator.DataGenerator - All workers stopped successfully!
INFO main pdgf.actions.LoadConfigAction - Parsing configuration file: /Users/Weizheng/git/schema_design/src/duke/hbase/cm/tdg/pdgf/xml_schema/z.xml
INFO main pdgf.actions.LoadConfigAction - parsing config file data...
INFO main pdgf.core.dbSchema.Project - Config File is <project> configuration...
INFO main pdgf.output.CSVRowOutput - Testing specified output dir... 
INFO main pdgf.output.CSVRowOutput -  Created file: ../csv_data/OUTPUT_TEST.csv
INFO main pdgf.output.CSVRowOutput - Output dir ok!
INFO main pdgf.output.CSVRowOutput - Writing all files to folder: /Users/Weizheng/git/schema_design/src/duke/hbase/cm/tdg/pdgf/../csv_data/
INFO main pdgf.core.dbSchema.Project - Found 1 tables
INFO main pdgf.actions.LoadConfigAction - Configuration File "z.xml" imported without errors
INFO main pdgf.actions.LoadConfigAction - Configuration File imported without errors
INFO main pdgf.core.dataGenerator.DataGenerator - Worker count was not specified manually. Detected 4 available processors and start now same amount of workers
INFO main pdgf.output.CSVRowOutput -  Created file: ../csv_data/Z.csv
INFO main pdgf.core.dataGenerator.DataGenerator - Data generation procces started. Created 4 workers for this task.
INFO main pdgf.Controller - Data generation procces started. Created 4 workers for this task.
INFO Thread-4 pdgf.Controller - 
INFO Thread-4 pdgf.core.dataGenerator.DataGenerator - REPORT
=======================
Max time of a worker: 57ms average time: 54
Generator overall time: 58ms
INFO Thread-4 pdgf.core.dataGenerator.DataGenerator - finished processing after 0s. Saved processing statistics file GeneratorStatistics_1.csv to /Users/Weizheng/git/schema_design/src/duke/hbase/cm/tdg/pdgf/../csv_data/GeneratorStatistics_1.csv
INFO Thread-4 pdgf.Controller - finished processing after 0s. Saved processing statistics file GeneratorStatistics_1.csv to /Users/Weizheng/git/schema_design/src/duke/hbase/cm/tdg/pdgf/../csv_data/GeneratorStatistics_1.csv
INFO Thread-4 pdgf.core.dataGenerator.DataGenerator - stop failed for worker: 3 force worker to die..
INFO Thread-4 pdgf.core.dataGenerator.DataGenerator - All workers stopped successfully!
INFO main pdgf.actions.LoadConfigAction - Parsing configuration file: /Users/Weizheng/git/schema_design/src/duke/hbase/cm/tdg/pdgf/xml_schema/z.xml
INFO main pdgf.actions.LoadConfigAction - parsing config file data...
INFO main pdgf.core.dbSchema.Project - Config File is <project> configuration...
INFO main pdgf.output.CSVRowOutput - Testing specified output dir... 
INFO main pdgf.output.CSVRowOutput -  Created file: ../csv_data/OUTPUT_TEST.csv
INFO main pdgf.output.CSVRowOutput - Output dir ok!
INFO main pdgf.output.CSVRowOutput - Writing all files to folder: /Users/Weizheng/git/schema_design/src/duke/hbase/cm/tdg/pdgf/../csv_data/
INFO main pdgf.core.dbSchema.Project - Found 1 tables
INFO main pdgf.actions.LoadConfigAction - Configuration File "z.xml" imported without errors
INFO main pdgf.actions.LoadConfigAction - Configuration File imported without errors
INFO main pdgf.core.dataGenerator.DataGenerator - Worker count was not specified manually. Detected 4 available processors and start now same amount of workers
INFO main pdgf.output.CSVRowOutput -  Created file: ../csv_data/Z.csv
INFO main pdgf.core.dataGenerator.DataGenerator - Data generation procces started. Created 4 workers for this task.
INFO main pdgf.Controller - Data generation procces started. Created 4 workers for this task.
INFO Thread-5 pdgf.Controller - 
INFO Thread-5 pdgf.core.dataGenerator.DataGenerator - REPORT
=======================
Max time of a worker: 52ms average time: 52
Generator overall time: 54ms
INFO Thread-5 pdgf.core.dataGenerator.DataGenerator - finished processing after 0s. Saved processing statistics file GeneratorStatistics_1.csv to /Users/Weizheng/git/schema_design/src/duke/hbase/cm/tdg/pdgf/../csv_data/GeneratorStatistics_1.csv
INFO Thread-5 pdgf.Controller - finished processing after 0s. Saved processing statistics file GeneratorStatistics_1.csv to /Users/Weizheng/git/schema_design/src/duke/hbase/cm/tdg/pdgf/../csv_data/GeneratorStatistics_1.csv
INFO Thread-5 pdgf.core.dataGenerator.DataGenerator - stop failed for worker: 4 force worker to die..
INFO Thread-5 pdgf.core.dataGenerator.DataGenerator - All workers stopped successfully!
INFO main pdgf.actions.LoadConfigAction - Config file not found. Searching for file in standard config file dir: config
INFO main pdgf.actions.LoadConfigAction - Parsing configuration file: /Users/Weizheng/git/schema_design/src/duke/hbase/cm/tdg/pdgf/xml_schema/z.xml
INFO main pdgf.actions.LoadConfigAction - parsing config file data...
INFO main pdgf.core.dbSchema.Project - Config File is <project> configuration...
INFO main pdgf.output.CSVRowOutput - Testing specified output dir... 
INFO main pdgf.output.CSVRowOutput -  Created file: ../csv_data/OUTPUT_TEST.csv
INFO main pdgf.output.CSVRowOutput - Output dir ok!
INFO main pdgf.output.CSVRowOutput - Writing all files to folder: /Users/Weizheng/git/schema_design/src/duke/hbase/cm/tdg/pdgf/../csv_data/
INFO main pdgf.actions.LoadConfigAction - Parsing configuration file: /Users/Weizheng/git/schema_design/src/duke/hbase/cm/tdg/pdgf/xml_schema/z.xml
INFO main pdgf.actions.LoadConfigAction - parsing config file data...
INFO main pdgf.core.dbSchema.Project - Config File is <project> configuration...
INFO main pdgf.output.CSVRowOutput - Testing specified output dir... 
INFO main pdgf.output.CSVRowOutput -  Created file: ../csv_data/OUTPUT_TEST.csv
INFO main pdgf.output.CSVRowOutput - Output dir ok!
INFO main pdgf.output.CSVRowOutput - Writing all files to folder: /Users/Weizheng/git/schema_design/src/duke/hbase/cm/tdg/pdgf/../csv_data/
INFO main pdgf.core.dbSchema.Project - Found 1 tables
INFO main pdgf.actions.LoadConfigAction - Configuration File "z.xml" imported without errors
INFO main pdgf.actions.LoadConfigAction - Configuration File imported without errors
INFO main pdgf.core.dataGenerator.DataGenerator - Worker count was not specified manually. Detected 4 available processors and start now same amount of workers
INFO main pdgf.output.CSVRowOutput -  Created file: ../csv_data/Z.csv
INFO main pdgf.core.dataGenerator.DataGenerator - Data generation procces started. Created 4 workers for this task.
INFO main pdgf.Controller - Data generation procces started. Created 4 workers for this task.
INFO Thread-2 pdgf.Controller - 
INFO Thread-2 pdgf.core.dataGenerator.DataGenerator - REPORT
=======================
Max time of a worker: 18ms average time: 17
Generator overall time: 18ms
INFO Thread-2 pdgf.core.dataGenerator.DataGenerator - finished processing after 0s. Saved processing statistics file GeneratorStatistics_1.csv to /Users/Weizheng/git/schema_design/src/duke/hbase/cm/tdg/pdgf/../csv_data/GeneratorStatistics_1.csv
INFO Thread-2 pdgf.Controller - finished processing after 0s. Saved processing statistics file GeneratorStatistics_1.csv to /Users/Weizheng/git/schema_design/src/duke/hbase/cm/tdg/pdgf/../csv_data/GeneratorStatistics_1.csv
INFO Thread-2 pdgf.core.dataGenerator.DataGenerator - stop failed for worker: 1 force worker to die..
INFO Thread-2 pdgf.core.dataGenerator.DataGenerator - All workers stopped successfully!
INFO main pdgf.actions.LoadConfigAction - Parsing configuration file: /Users/Weizheng/git/schema_design/src/duke/hbase/cm/tdg/pdgf/xml_schema/z.xml
INFO main pdgf.actions.LoadConfigAction - parsing config file data...
INFO main pdgf.core.dbSchema.Project - Config File is <project> configuration...
INFO main pdgf.output.CSVRowOutput - Testing specified output dir... 
INFO main pdgf.output.CSVRowOutput -  Created file: ../csv_data/OUTPUT_TEST.csv
INFO main pdgf.output.CSVRowOutput - Output dir ok!
INFO main pdgf.output.CSVRowOutput - Writing all files to folder: /Users/Weizheng/git/schema_design/src/duke/hbase/cm/tdg/pdgf/../csv_data/
INFO main pdgf.core.dbSchema.Project - Found 1 tables
INFO main pdgf.actions.LoadConfigAction - Configuration File "z.xml" imported without errors
INFO main pdgf.actions.LoadConfigAction - Configuration File imported without errors
INFO main pdgf.core.dataGenerator.DataGenerator - Worker count was not specified manually. Detected 4 available processors and start now same amount of workers
INFO main pdgf.actions.LoadConfigAction - Parsing configuration file: /Users/Weizheng/git/schema_design/src/duke/hbase/cm/tdg/pdgf/xml_schema/z.xml
INFO main pdgf.actions.LoadConfigAction - parsing config file data...
INFO main pdgf.core.dbSchema.Project - Config File is <project> configuration...
INFO main pdgf.output.CSVRowOutput - Testing specified output dir... 
INFO main pdgf.output.CSVRowOutput -  Created file: ../csv_data/OUTPUT_TEST.csv
INFO main pdgf.output.CSVRowOutput - Output dir ok!
INFO main pdgf.output.CSVRowOutput - Writing all files to folder: /Users/Weizheng/git/schema_design/src/duke/hbase/cm/tdg/pdgf/../csv_data/
INFO main pdgf.core.dbSchema.Project - Found 1 tables
INFO main pdgf.actions.LoadConfigAction - Configuration File "z.xml" imported without errors
INFO main pdgf.actions.LoadConfigAction - Configuration File imported without errors
INFO main pdgf.core.dataGenerator.DataGenerator - Worker count was not specified manually. Detected 4 available processors and start now same amount of workers
INFO main pdgf.output.CSVRowOutput -  Created file: ../csv_data/Z.csv
INFO main pdgf.core.dataGenerator.DataGenerator - Data generation procces started. Created 4 workers for this task.
INFO main pdgf.Controller - Data generation procces started. Created 4 workers for this task.
INFO Thread-4 pdgf.Controller - 
INFO Thread-4 pdgf.core.dataGenerator.DataGenerator - REPORT
=======================
Max time of a worker: 16ms average time: 15
Generator overall time: 16ms
INFO Thread-4 pdgf.core.dataGenerator.DataGenerator - finished processing after 0s. Saved processing statistics file GeneratorStatistics_1.csv to /Users/Weizheng/git/schema_design/src/duke/hbase/cm/tdg/pdgf/../csv_data/GeneratorStatistics_1.csv
INFO Thread-4 pdgf.Controller - finished processing after 0s. Saved processing statistics file GeneratorStatistics_1.csv to /Users/Weizheng/git/schema_design/src/duke/hbase/cm/tdg/pdgf/../csv_data/GeneratorStatistics_1.csv
INFO Thread-4 pdgf.core.dataGenerator.DataGenerator - stop failed for worker: 3 force worker to die..
INFO Thread-4 pdgf.core.dataGenerator.DataGenerator - All workers stopped successfully!
INFO main pdgf.actions.LoadConfigAction - Parsing configuration file: /Users/Weizheng/git/schema_design/src/duke/hbase/cm/tdg/pdgf/xml_schema/z.xml
INFO main pdgf.actions.LoadConfigAction - parsing config file data...
INFO main pdgf.core.dbSchema.Project - Config File is <project> configuration...
INFO main pdgf.output.CSVRowOutput - Testing specified output dir... 
INFO main pdgf.output.CSVRowOutput -  Created file: ../csv_data/OUTPUT_TEST.csv
INFO main pdgf.output.CSVRowOutput - Output dir ok!
INFO main pdgf.output.CSVRowOutput - Writing all files to folder: /Users/Weizheng/git/schema_design/src/duke/hbase/cm/tdg/pdgf/../csv_data/
INFO main pdgf.core.dbSchema.Project - Found 1 tables
INFO main pdgf.actions.LoadConfigAction - Configuration File "z.xml" imported without errors
INFO main pdgf.actions.LoadConfigAction - Configuration File imported without errors
INFO main pdgf.core.dataGenerator.DataGenerator - Worker count was not specified manually. Detected 4 available processors and start now same amount of workers
INFO main pdgf.output.CSVRowOutput -  Created file: ../csv_data/Z.csv
INFO main pdgf.core.dataGenerator.DataGenerator - Data generation procces started. Created 4 workers for this task.
INFO main pdgf.Controller - Data generation procces started. Created 4 workers for this task.
INFO Thread-3 pdgf.Controller - 
INFO Thread-3 pdgf.core.dataGenerator.DataGenerator - REPORT
=======================
Max time of a worker: 19ms average time: 18
Generator overall time: 20ms
INFO Thread-3 pdgf.core.dataGenerator.DataGenerator - finished processing after 0s. Saved processing statistics file GeneratorStatistics_1.csv to /Users/Weizheng/git/schema_design/src/duke/hbase/cm/tdg/pdgf/../csv_data/GeneratorStatistics_1.csv
INFO Thread-3 pdgf.Controller - finished processing after 0s. Saved processing statistics file GeneratorStatistics_1.csv to /Users/Weizheng/git/schema_design/src/duke/hbase/cm/tdg/pdgf/../csv_data/GeneratorStatistics_1.csv
INFO Thread-3 pdgf.core.dataGenerator.DataGenerator - stop failed for worker: 2 force worker to die..
INFO Thread-3 pdgf.core.dataGenerator.DataGenerator - All workers stopped successfully!
INFO main pdgf.actions.LoadConfigAction - Parsing configuration file: /Users/Weizheng/git/schema_design/src/duke/hbase/cm/tdg/pdgf/xml_schema/z.xml
INFO main pdgf.actions.LoadConfigAction - parsing config file data...
INFO main pdgf.core.dbSchema.Project - Config File is <project> configuration...
INFO main pdgf.output.CSVRowOutput - Testing specified output dir... 
INFO main pdgf.output.CSVRowOutput -  Created file: ../csv_data/OUTPUT_TEST.csv
INFO main pdgf.output.CSVRowOutput - Output dir ok!
INFO main pdgf.output.CSVRowOutput - Writing all files to folder: /Users/Weizheng/git/schema_design/src/duke/hbase/cm/tdg/pdgf/../csv_data/
INFO main pdgf.core.dbSchema.Project - Found 1 tables
INFO main pdgf.actions.LoadConfigAction - Configuration File "z.xml" imported without errors
INFO main pdgf.actions.LoadConfigAction - Configuration File imported without errors
INFO main pdgf.core.dataGenerator.DataGenerator - Worker count was not specified manually. Detected 4 available processors and start now same amount of workers
INFO main pdgf.output.CSVRowOutput -  Created file: ../csv_data/Z.csv
INFO main pdgf.core.dataGenerator.DataGenerator - Data generation procces started. Created 4 workers for this task.
INFO main pdgf.Controller - Data generation procces started. Created 4 workers for this task.
INFO Thread-2 pdgf.Controller - 
INFO Thread-2 pdgf.core.dataGenerator.DataGenerator - REPORT
=======================
Max time of a worker: 19ms average time: 18
Generator overall time: 19ms
INFO Thread-2 pdgf.core.dataGenerator.DataGenerator - finished processing after 0s. Saved processing statistics file GeneratorStatistics_1.csv to /Users/Weizheng/git/schema_design/src/duke/hbase/cm/tdg/pdgf/../csv_data/GeneratorStatistics_1.csv
INFO Thread-2 pdgf.Controller - finished processing after 0s. Saved processing statistics file GeneratorStatistics_1.csv to /Users/Weizheng/git/schema_design/src/duke/hbase/cm/tdg/pdgf/../csv_data/GeneratorStatistics_1.csv
INFO Thread-2 pdgf.core.dataGenerator.DataGenerator - stop failed for worker: 1 force worker to die..
INFO Thread-2 pdgf.core.dataGenerator.DataGenerator - All workers stopped successfully!
INFO main pdgf.actions.LoadConfigAction - Parsing configuration file: /Users/Weizheng/git/schema_design/src/duke/hbase/cm/tdg/pdgf/xml_schema/z.xml
INFO main pdgf.actions.LoadConfigAction - parsing config file data...
INFO main pdgf.core.dbSchema.Project - Config File is <project> configuration...
INFO main pdgf.output.CSVRowOutput - Testing specified output dir... 
INFO main pdgf.output.CSVRowOutput -  Created file: ../csv_data/OUTPUT_TEST.csv
INFO main pdgf.output.CSVRowOutput - Output dir ok!
INFO main pdgf.output.CSVRowOutput - Writing all files to folder: /Users/Weizheng/git/schema_design/src/duke/hbase/cm/tdg/pdgf/../csv_data/
INFO main pdgf.core.dbSchema.Project - Found 1 tables
INFO main pdgf.actions.LoadConfigAction - Configuration File "z.xml" imported without errors
INFO main pdgf.actions.LoadConfigAction - Configuration File imported without errors
INFO main pdgf.core.dataGenerator.DataGenerator - Worker count was not specified manually. Detected 4 available processors and start now same amount of workers
INFO main pdgf.output.CSVRowOutput -  Created file: ../csv_data/Z.csv
INFO main pdgf.core.dataGenerator.DataGenerator - Data generation procces started. Created 4 workers for this task.
INFO main pdgf.Controller - Data generation procces started. Created 4 workers for this task.
INFO Thread-5 pdgf.Controller - 
INFO Thread-5 pdgf.core.dataGenerator.DataGenerator - REPORT
=======================
Max time of a worker: 17ms average time: 16
Generator overall time: 18ms
INFO Thread-5 pdgf.core.dataGenerator.DataGenerator - finished processing after 0s. Saved processing statistics file GeneratorStatistics_1.csv to /Users/Weizheng/git/schema_design/src/duke/hbase/cm/tdg/pdgf/../csv_data/GeneratorStatistics_1.csv
INFO Thread-5 pdgf.Controller - finished processing after 0s. Saved processing statistics file GeneratorStatistics_1.csv to /Users/Weizheng/git/schema_design/src/duke/hbase/cm/tdg/pdgf/../csv_data/GeneratorStatistics_1.csv
INFO Thread-5 pdgf.core.dataGenerator.DataGenerator - stop failed for worker: 4 force worker to die..
INFO Thread-5 pdgf.core.dataGenerator.DataGenerator - All workers stopped successfully!
INFO main pdgf.actions.LoadConfigAction - Parsing configuration file: /Users/Weizheng/git/schema_design/src/duke/hbase/cm/tdg/pdgf/xml_schema/z.xml
INFO main pdgf.actions.LoadConfigAction - parsing config file data...
INFO main pdgf.core.dbSchema.Project - Config File is <project> configuration...
INFO main pdgf.output.CSVRowOutput - Testing specified output dir... 
INFO main pdgf.output.CSVRowOutput -  Created file: ../csv_data/OUTPUT_TEST.csv
INFO main pdgf.output.CSVRowOutput - Output dir ok!
INFO main pdgf.output.CSVRowOutput - Writing all files to folder: /Users/Weizheng/git/schema_design/src/duke/hbase/cm/tdg/pdgf/../csv_data/
INFO main pdgf.core.dbSchema.Project - Found 1 tables
INFO main pdgf.actions.LoadConfigAction - Configuration File "z.xml" imported without errors
INFO main pdgf.actions.LoadConfigAction - Configuration File imported without errors
INFO main pdgf.core.dataGenerator.DataGenerator - Worker count was not specified manually. Detected 4 available processors and start now same amount of workers
INFO main pdgf.output.CSVRowOutput -  Created file: ../csv_data/Z.csv
INFO main pdgf.core.dataGenerator.DataGenerator - Data generation procces started. Created 4 workers for this task.
INFO main pdgf.Controller - Data generation procces started. Created 4 workers for this task.
INFO Thread-2 pdgf.Controller - 
INFO Thread-2 pdgf.core.dataGenerator.DataGenerator - REPORT
=======================
Max time of a worker: 16ms average time: 16
Generator overall time: 17ms
INFO Thread-2 pdgf.core.dataGenerator.DataGenerator - finished processing after 0s. Saved processing statistics file GeneratorStatistics_1.csv to /Users/Weizheng/git/schema_design/src/duke/hbase/cm/tdg/pdgf/../csv_data/GeneratorStatistics_1.csv
INFO Thread-2 pdgf.Controller - finished processing after 0s. Saved processing statistics file GeneratorStatistics_1.csv to /Users/Weizheng/git/schema_design/src/duke/hbase/cm/tdg/pdgf/../csv_data/GeneratorStatistics_1.csv
INFO Thread-2 pdgf.core.dataGenerator.DataGenerator - stop failed for worker: 1 force worker to die..
INFO Thread-2 pdgf.core.dataGenerator.DataGenerator - All workers stopped successfully!
INFO main pdgf.actions.LoadConfigAction - Parsing configuration file: /Users/Weizheng/git/schema_design/src/duke/hbase/cm/tdg/pdgf/xml_schema/z.xml
INFO main pdgf.actions.LoadConfigAction - parsing config file data...
INFO main pdgf.core.dbSchema.Project - Config File is <project> configuration...
INFO main pdgf.output.CSVRowOutput - Testing specified output dir... 
INFO main pdgf.output.CSVRowOutput -  Created file: ../csv_data/OUTPUT_TEST.csv
INFO main pdgf.output.CSVRowOutput - Output dir ok!
INFO main pdgf.output.CSVRowOutput - Writing all files to folder: /Users/Weizheng/git/schema_design/src/duke/hbase/cm/tdg/pdgf/../csv_data/
INFO main pdgf.actions.LoadConfigAction - Parsing configuration file: /Users/Weizheng/git/schema_design/src/duke/hbase/cm/tdg/pdgf/xml_schema/z.xml
INFO main pdgf.actions.LoadConfigAction - parsing config file data...
INFO main pdgf.core.dbSchema.Project - Config File is <project> configuration...
INFO main pdgf.output.CSVRowOutput - Testing specified output dir... 
INFO main pdgf.output.CSVRowOutput -  Created file: ../csv_data/OUTPUT_TEST.csv
INFO main pdgf.output.CSVRowOutput - Output dir ok!
INFO main pdgf.output.CSVRowOutput - Writing all files to folder: /Users/Weizheng/git/schema_design/src/duke/hbase/cm/tdg/pdgf/../csv_data/
INFO main pdgf.actions.LoadConfigAction - Parsing configuration file: /Users/Weizheng/git/schema_design/src/duke/hbase/cm/tdg/pdgf/xml_schema/z.xml
INFO main pdgf.actions.LoadConfigAction - parsing config file data...
INFO main pdgf.core.dbSchema.Project - Config File is <project> configuration...
INFO main pdgf.output.CSVRowOutput - Testing specified output dir... 
INFO main pdgf.output.CSVRowOutput -  Created file: ../csv_data/OUTPUT_TEST.csv
INFO main pdgf.output.CSVRowOutput - Output dir ok!
INFO main pdgf.output.CSVRowOutput - Writing all files to folder: /Users/Weizheng/git/schema_design/src/duke/hbase/cm/tdg/pdgf/../csv_data/
INFO main pdgf.core.dbSchema.Project - Found 1 tables
INFO main pdgf.actions.LoadConfigAction - Configuration File "z.xml" imported without errors
INFO main pdgf.actions.LoadConfigAction - Configuration File imported without errors
INFO main pdgf.core.dataGenerator.DataGenerator - Worker count was not specified manually. Detected 4 available processors and start now same amount of workers
INFO main pdgf.output.CSVRowOutput -  Created file: ../csv_data/Z.csv
INFO main pdgf.core.dataGenerator.DataGenerator - Data generation procces started. Created 4 workers for this task.
INFO main pdgf.Controller - Data generation procces started. Created 4 workers for this task.
INFO Thread-5 pdgf.Controller - 
INFO Thread-5 pdgf.core.dataGenerator.DataGenerator - REPORT
=======================
Max time of a worker: 21ms average time: 18
Generator overall time: 23ms
INFO Thread-5 pdgf.core.dataGenerator.DataGenerator - finished processing after 0s. Saved processing statistics file GeneratorStatistics_1.csv to /Users/Weizheng/git/schema_design/src/duke/hbase/cm/tdg/pdgf/../csv_data/GeneratorStatistics_1.csv
INFO Thread-5 pdgf.Controller - finished processing after 0s. Saved processing statistics file GeneratorStatistics_1.csv to /Users/Weizheng/git/schema_design/src/duke/hbase/cm/tdg/pdgf/../csv_data/GeneratorStatistics_1.csv
INFO Thread-5 pdgf.core.dataGenerator.DataGenerator - All workers stopped successfully!
INFO main pdgf.actions.LoadConfigAction - Parsing configuration file: /Users/Weizheng/git/schema_design/src/duke/hbase/cm/tdg/pdgf/xml_schema/z.xml
INFO main pdgf.actions.LoadConfigAction - parsing config file data...
INFO main pdgf.core.dbSchema.Project - Config File is <project> configuration...
INFO main pdgf.output.CSVRowOutput - Testing specified output dir... 
INFO main pdgf.output.CSVRowOutput -  Created file: ../csv_data/OUTPUT_TEST.csv
INFO main pdgf.output.CSVRowOutput - Output dir ok!
INFO main pdgf.output.CSVRowOutput - Writing all files to folder: /Users/Weizheng/git/schema_design/src/duke/hbase/cm/tdg/pdgf/../csv_data/
INFO main pdgf.core.dbSchema.Project - Found 1 tables
INFO main pdgf.actions.LoadConfigAction - Configuration File "z.xml" imported without errors
INFO main pdgf.actions.LoadConfigAction - Configuration File imported without errors
INFO main pdgf.core.dataGenerator.DataGenerator - Worker count was not specified manually. Detected 4 available processors and start now same amount of workers
INFO main pdgf.output.CSVRowOutput -  Created file: ../csv_data/Z.csv
INFO main pdgf.core.dataGenerator.DataGenerator - Data generation procces started. Created 4 workers for this task.
INFO main pdgf.Controller - Data generation procces started. Created 4 workers for this task.
INFO Thread-3 pdgf.Controller - 
INFO Thread-3 pdgf.core.dataGenerator.DataGenerator - REPORT
=======================
Max time of a worker: 25ms average time: 24
Generator overall time: 26ms
INFO Thread-3 pdgf.core.dataGenerator.DataGenerator - finished processing after 0s. Saved processing statistics file GeneratorStatistics_1.csv to /Users/Weizheng/git/schema_design/src/duke/hbase/cm/tdg/pdgf/../csv_data/GeneratorStatistics_1.csv
INFO Thread-3 pdgf.Controller - finished processing after 0s. Saved processing statistics file GeneratorStatistics_1.csv to /Users/Weizheng/git/schema_design/src/duke/hbase/cm/tdg/pdgf/../csv_data/GeneratorStatistics_1.csv
INFO Thread-3 pdgf.core.dataGenerator.DataGenerator - All workers stopped successfully!
INFO main pdgf.actions.LoadConfigAction - Parsing configuration file: /Users/Weizheng/git/schema_design/src/duke/hbase/cm/tdg/pdgf/xml_schema/z.xml
INFO main pdgf.actions.LoadConfigAction - parsing config file data...
INFO main pdgf.core.dbSchema.Project - Config File is <project> configuration...
INFO main pdgf.output.CSVRowOutput - Testing specified output dir... 
INFO main pdgf.output.CSVRowOutput -  Created file: ../csv_data/OUTPUT_TEST.csv
INFO main pdgf.output.CSVRowOutput - Output dir ok!
INFO main pdgf.output.CSVRowOutput - Writing all files to folder: /Users/Weizheng/git/schema_design/src/duke/hbase/cm/tdg/pdgf/../csv_data/
INFO main pdgf.core.dbSchema.Project - Found 1 tables
INFO main pdgf.actions.LoadConfigAction - Configuration File "z.xml" imported without errors
INFO main pdgf.actions.LoadConfigAction - Configuration File imported without errors
INFO main pdgf.Controller - ################################################################################
			 PDGF v1.1 Experimental
	Parallel Data Generation Framework for Database Benchmarks
			Author: Michael Frank
for usage help start with java -jar pdgf.jar -help or type "help" in: PDGF:> 
###############################################################################
ERROR main pdgf.Controller - ERROR! The command staart is not known. Enter help to see a list of commands
INFO main pdgf.core.dataGenerator.DataGenerator - Worker count was not specified manually. Detected 4 available processors and start now same amount of workers
INFO main pdgf.output.CSVRowOutput -  Created file: ../csv_data/Z.csv
INFO main pdgf.core.dataGenerator.DataGenerator - Data generation procces started. Created 4 workers for this task.
INFO main pdgf.Controller - Data generation procces started. Created 4 workers for this task.
INFO Thread-3 pdgf.Controller - 
INFO Thread-3 pdgf.core.dataGenerator.DataGenerator - REPORT
=======================
Max time of a worker: 30ms average time: 28
Generator overall time: 31ms
INFO Thread-3 pdgf.core.dataGenerator.DataGenerator - finished processing after 0s. Saved processing statistics file GeneratorStatistics_1.csv to /Users/Weizheng/git/schema_design/src/duke/hbase/cm/tdg/pdgf/../csv_data/GeneratorStatistics_1.csv
INFO Thread-3 pdgf.Controller - finished processing after 0s. Saved processing statistics file GeneratorStatistics_1.csv to /Users/Weizheng/git/schema_design/src/duke/hbase/cm/tdg/pdgf/../csv_data/GeneratorStatistics_1.csv
INFO Thread-3 pdgf.core.dataGenerator.DataGenerator - All workers stopped successfully!
INFO main pdgf.actions.LoadConfigAction - Parsing configuration file: /Users/Weizheng/git/schema_design/src/duke/hbase/cm/tdg/pdgf/xml_schema/z.xml
INFO main pdgf.actions.LoadConfigAction - parsing config file data...
INFO main pdgf.core.dbSchema.Project - Config File is <project> configuration...
INFO main pdgf.output.CSVRowOutput - Testing specified output dir... 
INFO main pdgf.output.CSVRowOutput -  Created file: ../csv_data/OUTPUT_TEST.csv
INFO main pdgf.output.CSVRowOutput - Output dir ok!
INFO main pdgf.output.CSVRowOutput - Writing all files to folder: /Users/Weizheng/git/schema_design/src/duke/hbase/cm/tdg/pdgf/../csv_data/
INFO main pdgf.core.dbSchema.Project - Found 1 tables
INFO main pdgf.actions.LoadConfigAction - Configuration File "z.xml" imported without errors
INFO main pdgf.actions.LoadConfigAction - Configuration File imported without errors
INFO main pdgf.core.dataGenerator.DataGenerator - Worker count was not specified manually. Detected 4 available processors and start now same amount of workers
INFO main pdgf.output.CSVRowOutput -  Created file: ../csv_data/Z.csv
INFO main pdgf.core.dataGenerator.DataGenerator - Data generation procces started. Created 4 workers for this task.
INFO main pdgf.Controller - Data generation procces started. Created 4 workers for this task.
INFO Thread-5 pdgf.Controller - 
INFO Thread-5 pdgf.core.dataGenerator.DataGenerator - REPORT
=======================
Max time of a worker: 18ms average time: 17
Generator overall time: 20ms
INFO Thread-5 pdgf.core.dataGenerator.DataGenerator - finished processing after 0s. Saved processing statistics file GeneratorStatistics_1.csv to /Users/Weizheng/git/schema_design/src/duke/hbase/cm/tdg/pdgf/../csv_data/GeneratorStatistics_1.csv
INFO Thread-5 pdgf.Controller - finished processing after 0s. Saved processing statistics file GeneratorStatistics_1.csv to /Users/Weizheng/git/schema_design/src/duke/hbase/cm/tdg/pdgf/../csv_data/GeneratorStatistics_1.csv
INFO Thread-5 pdgf.core.dataGenerator.DataGenerator - stop failed for worker: 4 force worker to die..
INFO Thread-5 pdgf.core.dataGenerator.DataGenerator - All workers stopped successfully!
ERROR main pdgf.Controller - Configuration files were not provided as command line argument.
 Please load config manually via PDGF:>  shell
INFO main pdgf.Controller - ################################################################################
			 PDGF v1.1 Experimental
	Parallel Data Generation Framework for Database Benchmarks
			Author: Michael Frank
for usage help start with java -jar pdgf.jar -help or type "help" in: PDGF:> 
###############################################################################
INFO main pdgf.actions.LoadConfigAction - Parsing configuration file: /Users/Weizheng/git/schema_design/src/duke/hbase/cm/tdg/pdgf/xml_schema/z.xml
INFO main pdgf.actions.LoadConfigAction - parsing config file data...
INFO main pdgf.core.dbSchema.Project - Config File is <project> configuration...
INFO main pdgf.output.CSVRowOutput - Testing specified output dir... 
INFO main pdgf.output.CSVRowOutput -  Created file: ../csv_data/OUTPUT_TEST.csv
INFO main pdgf.output.CSVRowOutput - Output dir ok!
INFO main pdgf.output.CSVRowOutput - Writing all files to folder: /Users/Weizheng/git/schema_design/src/duke/hbase/cm/tdg/pdgf/../csv_data/
ERROR main pdgf.Controller - ERROR! To much parameters for this command. This command only supports 1 parameters
INFO main pdgf.Controller - ################################################################################
			 PDGF v1.1 Experimental
	Parallel Data Generation Framework for Database Benchmarks
			Author: Michael Frank
for usage help start with java -jar pdgf.jar -help or type "help" in: PDGF:> 
###############################################################################
INFO main pdgf.actions.LoadConfigAction - Parsing configuration file: /Users/Weizheng/git/schema_design/src/duke/hbase/cm/tdg/pdgf/xml_schema/z.xml
INFO main pdgf.actions.LoadConfigAction - parsing config file data...
INFO main pdgf.core.dbSchema.Project - Config File is <project> configuration...
INFO main pdgf.output.CSVRowOutput - Testing specified output dir... 
INFO main pdgf.output.CSVRowOutput -  Created file: ../csv_data/OUTPUT_TEST.csv
INFO main pdgf.output.CSVRowOutput - Output dir ok!
INFO main pdgf.output.CSVRowOutput - Writing all files to folder: /Users/Weizheng/git/schema_design/src/duke/hbase/cm/tdg/pdgf/../csv_data/
INFO main pdgf.actions.LoadConfigAction - Parsing configuration file: /Users/Weizheng/git/schema_design/src/duke/hbase/cm/tdg/pdgf/xml_schema/z.xml
INFO main pdgf.actions.LoadConfigAction - parsing config file data...
INFO main pdgf.core.dbSchema.Project - Config File is <project> configuration...
INFO main pdgf.output.CSVRowOutput - Testing specified output dir... 
INFO main pdgf.output.CSVRowOutput -  Created file: ../csv_data/OUTPUT_TEST.csv
INFO main pdgf.output.CSVRowOutput - Output dir ok!
INFO main pdgf.output.CSVRowOutput - Writing all files to folder: /Users/Weizheng/git/schema_design/src/duke/hbase/cm/tdg/pdgf/../csv_data/
INFO main pdgf.actions.LoadConfigAction - Parsing configuration file: /Users/Weizheng/git/schema_design/src/duke/hbase/cm/tdg/pdgf/config/simple.xml
INFO main pdgf.actions.LoadConfigAction - parsing config file data...
INFO main pdgf.core.dbSchema.Project - Config File is <project> configuration...
INFO main pdgf.output.CSVRowOutput - Testing specified output dir... 
INFO main pdgf.output.CSVRowOutput -  Created file: output/OUTPUT_TEST.csv
INFO main pdgf.output.CSVRowOutput - Output dir ok!
INFO main pdgf.output.CSVRowOutput - Writing all files to folder: /Users/Weizheng/git/schema_design/src/duke/hbase/cm/tdg/pdgf/output/
INFO main pdgf.core.dbSchema.Project - Found 1 tables
INFO main pdgf.actions.LoadConfigAction - Configuration File "simple.xml" imported without errors
INFO main pdgf.actions.LoadConfigAction - Configuration File imported without errors
INFO main pdgf.Controller - ################################################################################
			 PDGF v1.1 Experimental
	Parallel Data Generation Framework for Database Benchmarks
			Author: Michael Frank
for usage help start with java -jar pdgf.jar -help or type "help" in: PDGF:> 
###############################################################################
INFO main pdgf.actions.LoadConfigAction - Parsing configuration file: /Users/Weizheng/git/schema_design/src/duke/hbase/cm/tdg/pdgf/xml_schema/z.xml
INFO main pdgf.actions.LoadConfigAction - parsing config file data...
INFO main pdgf.core.dbSchema.Project - Config File is <project> configuration...
INFO main pdgf.output.CSVRowOutput - Testing specified output dir... 
INFO main pdgf.output.CSVRowOutput -  Created file: ../csv_data/OUTPUT_TEST.csv
INFO main pdgf.output.CSVRowOutput - Output dir ok!
INFO main pdgf.output.CSVRowOutput - Writing all files to folder: /Users/Weizheng/git/schema_design/src/duke/hbase/cm/tdg/pdgf/../csv_data/
INFO main pdgf.actions.LoadConfigAction - Parsing configuration file: /Users/Weizheng/git/schema_design/src/duke/hbase/cm/tdg/pdgf/config/tpchSchema.xml
INFO main pdgf.actions.LoadConfigAction - parsing config file data...
INFO main pdgf.core.dbSchema.Project - Config File is <project> configuration...
INFO main pdgf.output.CSVRowOutput - Testing specified output dir... 
INFO main pdgf.output.CSVRowOutput -  Created file: ../csv_data/OUTPUT_TEST.csv
INFO main pdgf.output.CSVRowOutput - Output dir ok!
INFO main pdgf.output.CSVRowOutput - Writing all files to folder: /Users/Weizheng/git/schema_design/src/duke/hbase/cm/tdg/pdgf/../csv_data/
INFO main pdgf.core.dbSchema.Table - <Project name=tpch><Table name=NATION>Table has fixed size: true
INFO main pdgf.core.dbSchema.Table - <Project name=tpch><Table name=NATION>Table is static on every node: true
INFO main pdgf.actions.LoadConfigAction - Parsing configuration file: /Users/Weizheng/git/schema_design/src/duke/hbase/cm/tdg/pdgf/config/tpchSchema.xml
INFO main pdgf.actions.LoadConfigAction - parsing config file data...
INFO main pdgf.core.dbSchema.Project - Config File is <project> configuration...
INFO main pdgf.output.CSVRowOutput - Testing specified output dir... 
INFO main pdgf.output.CSVRowOutput -  Created file: ../csv_data/OUTPUT_TEST.csv
INFO main pdgf.output.CSVRowOutput - Output dir ok!
INFO main pdgf.output.CSVRowOutput - Writing all files to folder: /Users/Weizheng/git/schema_design/src/duke/hbase/cm/tdg/pdgf/../csv_data/
INFO main pdgf.core.dbSchema.Table - <Project name=tpch><Table name=NATION>Table has fixed size: true
INFO main pdgf.core.dbSchema.Table - <Project name=tpch><Table name=NATION>Table is static on every node: true
INFO main pdgf.core.dbSchema.Table - <Project name=tpch><Table name=REGION>Table has fixed size: true
INFO main pdgf.core.dbSchema.Table - <Project name=tpch><Table name=REGION>Table is static on every node: true
INFO main pdgf.core.dbSchema.Project - Found 8 tables
INFO main pdgf.actions.LoadConfigAction - Configuration File "tpchSchema.xml" imported without errors
INFO main pdgf.actions.LoadConfigAction - Configuration File imported without errors
INFO main pdgf.Controller - ################################################################################
			 PDGF v1.1 Experimental
	Parallel Data Generation Framework for Database Benchmarks
			Author: Michael Frank
for usage help start with java -jar pdgf.jar -help or type "help" in: PDGF:> 
###############################################################################
INFO main pdgf.actions.LoadConfigAction - Parsing configuration file: /Users/Weizheng/git/schema_design/src/duke/hbase/cm/tdg/pdgf/xml_schema/z.xml
INFO main pdgf.actions.LoadConfigAction - parsing config file data...
INFO main pdgf.core.dbSchema.Project - Config File is <project> configuration...
INFO main pdgf.output.CSVRowOutput - Testing specified output dir... 
INFO main pdgf.output.CSVRowOutput -  Created file: ../csv_data/OUTPUT_TEST.csv
INFO main pdgf.output.CSVRowOutput - Output dir ok!
INFO main pdgf.output.CSVRowOutput - Writing all files to folder: /Users/Weizheng/git/schema_design/src/duke/hbase/cm/tdg/pdgf/../csv_data/
INFO main pdgf.core.dbSchema.Project - Found 1 tables
INFO main pdgf.actions.LoadConfigAction - Configuration File "z.xml" imported without errors
INFO main pdgf.actions.LoadConfigAction - Configuration File imported without errors
INFO main pdgf.core.dataGenerator.DataGenerator - Worker count was not specified manually. Detected 4 available processors and start now same amount of workers
INFO main pdgf.output.CSVRowOutput -  Created file: ../csv_data/Z.csv
INFO main pdgf.core.dataGenerator.DataGenerator - Data generation procces started. Created 4 workers for this task.
INFO main pdgf.Controller - Data generation procces started. Created 4 workers for this task.
INFO Thread-2 pdgf.Controller - 
INFO Thread-2 pdgf.core.dataGenerator.DataGenerator - REPORT
=======================
Max time of a worker: 16ms average time: 15
Generator overall time: 16ms
INFO Thread-2 pdgf.core.dataGenerator.DataGenerator - finished processing after 0s. Saved processing statistics file GeneratorStatistics_1.csv to /Users/Weizheng/git/schema_design/src/duke/hbase/cm/tdg/pdgf/../csv_data/GeneratorStatistics_1.csv
INFO Thread-2 pdgf.Controller - finished processing after 0s. Saved processing statistics file GeneratorStatistics_1.csv to /Users/Weizheng/git/schema_design/src/duke/hbase/cm/tdg/pdgf/../csv_data/GeneratorStatistics_1.csv
INFO Thread-2 pdgf.core.dataGenerator.DataGenerator - stop failed for worker: 1 force worker to die..
INFO Thread-2 pdgf.core.dataGenerator.DataGenerator - All workers stopped successfully!
INFO main pdgf.actions.LoadConfigAction - Parsing configuration file: /Users/Weizheng/git/schema_design/src/duke/hbase/cm/tdg/pdgf/xml_schema/z.xml
INFO main pdgf.actions.LoadConfigAction - parsing config file data...
INFO main pdgf.core.dbSchema.Project - Config File is <project> configuration...
INFO main pdgf.output.CSVRowOutput - Testing specified output dir... 
INFO main pdgf.output.CSVRowOutput -  Created file: ../csv_data/OUTPUT_TEST.csv
INFO main pdgf.output.CSVRowOutput - Output dir ok!
INFO main pdgf.output.CSVRowOutput - Writing all files to folder: /Users/Weizheng/git/schema_design/src/duke/hbase/cm/tdg/pdgf/../csv_data/
INFO main pdgf.core.dbSchema.Project - Found 1 tables
INFO main pdgf.actions.LoadConfigAction - Configuration File "z.xml" imported without errors
INFO main pdgf.actions.LoadConfigAction - Configuration File imported without errors
INFO main pdgf.Controller - ################################################################################
			 PDGF v1.1 Experimental
	Parallel Data Generation Framework for Database Benchmarks
			Author: Michael Frank
for usage help start with java -jar pdgf.jar -help or type "help" in: PDGF:> 
###############################################################################
INFO main pdgf.core.dataGenerator.DataGenerator - Worker count was not specified manually. Detected 4 available processors and start now same amount of workers
INFO main pdgf.output.CSVRowOutput -  Created file: ../csv_data/Z.csv
INFO main pdgf.core.dataGenerator.DataGenerator - Data generation procces started. Created 4 workers for this task.
INFO main pdgf.Controller - Data generation procces started. Created 4 workers for this task.
INFO Thread-4 pdgf.Controller - 
INFO Thread-4 pdgf.core.dataGenerator.DataGenerator - REPORT
=======================
Max time of a worker: 18ms average time: 18
Generator overall time: 19ms
INFO Thread-4 pdgf.core.dataGenerator.DataGenerator - finished processing after 0s. Saved processing statistics file GeneratorStatistics_1.csv to /Users/Weizheng/git/schema_design/src/duke/hbase/cm/tdg/pdgf/../csv_data/GeneratorStatistics_1.csv
INFO Thread-4 pdgf.Controller - finished processing after 0s. Saved processing statistics file GeneratorStatistics_1.csv to /Users/Weizheng/git/schema_design/src/duke/hbase/cm/tdg/pdgf/../csv_data/GeneratorStatistics_1.csv
INFO Thread-4 pdgf.core.dataGenerator.DataGenerator - stop failed for worker: 3 force worker to die..
INFO Thread-4 pdgf.core.dataGenerator.DataGenerator - All workers stopped successfully!
INFO main pdgf.actions.LoadConfigAction - Parsing configuration file: /Users/Weizheng/git/schema_design/src/duke/hbase/cm/tdg/pdgf/xml_schema/z.xml
INFO main pdgf.actions.LoadConfigAction - parsing config file data...
INFO main pdgf.core.dbSchema.Project - Config File is <project> configuration...
INFO main pdgf.output.CSVRowOutput - Testing specified output dir... 
INFO main pdgf.output.CSVRowOutput -  Created file: ../csv_data/OUTPUT_TEST.csv
INFO main pdgf.output.CSVRowOutput - Output dir ok!
INFO main pdgf.output.CSVRowOutput - Writing all files to folder: /Users/Weizheng/git/schema_design/src/duke/hbase/cm/tdg/pdgf/../csv_data/
INFO main pdgf.core.dbSchema.Project - Found 1 tables
INFO main pdgf.actions.LoadConfigAction - Configuration File "z.xml" imported without errors
INFO main pdgf.actions.LoadConfigAction - Configuration File imported without errors
INFO main pdgf.core.dataGenerator.DataGenerator - Worker count was not specified manually. Detected 4 available processors and start now same amount of workers
INFO main pdgf.output.CSVRowOutput -  Created file: ../csv_data/Z.csv
INFO main pdgf.core.dataGenerator.DataGenerator - Data generation procces started. Created 4 workers for this task.
INFO main pdgf.Controller - Data generation procces started. Created 4 workers for this task.
INFO Thread-2 pdgf.Controller - 
INFO Thread-2 pdgf.core.dataGenerator.DataGenerator - REPORT
=======================
Max time of a worker: 16ms average time: 16
Generator overall time: 17ms
INFO Thread-2 pdgf.core.dataGenerator.DataGenerator - finished processing after 0s. Saved processing statistics file GeneratorStatistics_1.csv to /Users/Weizheng/git/schema_design/src/duke/hbase/cm/tdg/pdgf/../csv_data/GeneratorStatistics_1.csv
INFO Thread-2 pdgf.Controller - finished processing after 0s. Saved processing statistics file GeneratorStatistics_1.csv to /Users/Weizheng/git/schema_design/src/duke/hbase/cm/tdg/pdgf/../csv_data/GeneratorStatistics_1.csv
INFO Thread-2 pdgf.core.dataGenerator.DataGenerator - stop failed for worker: 1 force worker to die..
INFO Thread-2 pdgf.core.dataGenerator.DataGenerator - All workers stopped successfully!
INFO main pdgf.actions.LoadConfigAction - Parsing configuration file: /Users/Weizheng/git/schema_design/src/duke/hbase/cm/tdg/pdgf/xml_schema/z.xml
INFO main pdgf.actions.LoadConfigAction - parsing config file data...
INFO main pdgf.core.dbSchema.Project - Config File is <project> configuration...
INFO main pdgf.output.CSVRowOutput - Testing specified output dir... 
INFO main pdgf.output.CSVRowOutput -  Created file: ../csv_data/OUTPUT_TEST.csv
INFO main pdgf.output.CSVRowOutput - Output dir ok!
INFO main pdgf.output.CSVRowOutput - Writing all files to folder: /Users/Weizheng/git/schema_design/src/duke/hbase/cm/tdg/pdgf/../csv_data/
INFO main pdgf.core.dbSchema.Project - Found 1 tables
INFO main pdgf.actions.LoadConfigAction - Configuration File "z.xml" imported without errors
INFO main pdgf.actions.LoadConfigAction - Configuration File imported without errors
INFO main pdgf.core.dataGenerator.DataGenerator - Worker count was not specified manually. Detected 4 available processors and start now same amount of workers
INFO main pdgf.output.CSVRowOutput -  Created file: ../csv_data/Z.csv
INFO main pdgf.core.dataGenerator.DataGenerator - Data generation procces started. Created 4 workers for this task.
INFO main pdgf.Controller - Data generation procces started. Created 4 workers for this task.
INFO Thread-3 pdgf.Controller - 
INFO Thread-3 pdgf.core.dataGenerator.DataGenerator - REPORT
=======================
Max time of a worker: 16ms average time: 15
Generator overall time: 17ms
INFO Thread-3 pdgf.core.dataGenerator.DataGenerator - finished processing after 0s. Saved processing statistics file GeneratorStatistics_1.csv to /Users/Weizheng/git/schema_design/src/duke/hbase/cm/tdg/pdgf/../csv_data/GeneratorStatistics_1.csv
INFO Thread-3 pdgf.Controller - finished processing after 0s. Saved processing statistics file GeneratorStatistics_1.csv to /Users/Weizheng/git/schema_design/src/duke/hbase/cm/tdg/pdgf/../csv_data/GeneratorStatistics_1.csv
INFO Thread-3 pdgf.core.dataGenerator.DataGenerator - All workers stopped successfully!
INFO main pdgf.actions.LoadConfigAction - Parsing configuration file: /Users/Weizheng/git/schema_design/src/duke/hbase/cm/tdg/pdgf/xml_schema/z.xml
INFO main pdgf.actions.LoadConfigAction - parsing config file data...
INFO main pdgf.core.dbSchema.Project - Config File is <project> configuration...
INFO main pdgf.output.CSVRowOutput - Testing specified output dir... 
INFO main pdgf.output.CSVRowOutput -  Created file: ../csv_data/OUTPUT_TEST.csv
INFO main pdgf.output.CSVRowOutput - Output dir ok!
INFO main pdgf.output.CSVRowOutput - Writing all files to folder: /Users/Weizheng/git/schema_design/src/duke/hbase/cm/tdg/pdgf/../csv_data/
INFO main pdgf.core.dbSchema.Project - Found 1 tables
INFO main pdgf.actions.LoadConfigAction - Configuration File "z.xml" imported without errors
INFO main pdgf.actions.LoadConfigAction - Configuration File imported without errors
INFO main pdgf.core.dataGenerator.DataGenerator - Worker count was not specified manually. Detected 4 available processors and start now same amount of workers
INFO main pdgf.output.CSVRowOutput -  Created file: ../csv_data/Z.csv
INFO main pdgf.core.dataGenerator.DataGenerator - Data generation procces started. Created 4 workers for this task.
INFO main pdgf.Controller - Data generation procces started. Created 4 workers for this task.
INFO Thread-4 pdgf.Controller - 
INFO Thread-4 pdgf.core.dataGenerator.DataGenerator - REPORT
=======================
Max time of a worker: 15ms average time: 15
Generator overall time: 16ms
INFO Thread-4 pdgf.core.dataGenerator.DataGenerator - finished processing after 0s. Saved processing statistics file GeneratorStatistics_1.csv to /Users/Weizheng/git/schema_design/src/duke/hbase/cm/tdg/pdgf/../csv_data/GeneratorStatistics_1.csv
INFO Thread-4 pdgf.Controller - finished processing after 0s. Saved processing statistics file GeneratorStatistics_1.csv to /Users/Weizheng/git/schema_design/src/duke/hbase/cm/tdg/pdgf/../csv_data/GeneratorStatistics_1.csv
INFO Thread-4 pdgf.core.dataGenerator.DataGenerator - stop failed for worker: 3 force worker to die..
INFO Thread-4 pdgf.core.dataGenerator.DataGenerator - All workers stopped successfully!
INFO main pdgf.actions.LoadConfigAction - Parsing configuration file: /Users/Weizheng/git/schema_design/src/duke/hbase/cm/tdg/pdgf/z.xml
INFO main pdgf.actions.LoadConfigAction - parsing config file data...
INFO main pdgf.core.dbSchema.Project - Config File is <project> configuration...
INFO main pdgf.output.CSVRowOutput - Testing specified output dir... 
INFO main pdgf.output.CSVRowOutput -  Created file: ../csv_data/OUTPUT_TEST.csv
INFO main pdgf.output.CSVRowOutput - Output dir ok!
INFO main pdgf.output.CSVRowOutput - Writing all files to folder: /Users/Weizheng/git/schema_design/src/duke/hbase/cm/tdg/pdgf/../csv_data/
INFO main pdgf.core.dbSchema.Project - Found 2 tables
INFO main pdgf.actions.LoadConfigAction - Configuration File "z.xml" imported without errors
INFO main pdgf.actions.LoadConfigAction - Configuration File imported without errors
INFO main pdgf.core.dataGenerator.DataGenerator - Worker count was not specified manually. Detected 4 available processors and start now same amount of workers
INFO main pdgf.output.CSVRowOutput -  Created file: ../csv_data/Z.csv
INFO main pdgf.output.CSVRowOutput -  Created file: ../csv_data/X.csv
INFO main pdgf.core.dataGenerator.DataGenerator - Data generation procces started. Created 4 workers for this task.
INFO main pdgf.Controller - Data generation procces started. Created 4 workers for this task.
INFO Thread-2 pdgf.Controller - 
INFO Thread-2 pdgf.core.dataGenerator.DataGenerator - REPORT
=======================
Max time of a worker: 26ms average time: 25
Generator overall time: 27ms
INFO Thread-2 pdgf.core.dataGenerator.DataGenerator - finished processing after 0s. Saved processing statistics file GeneratorStatistics_1.csv to /Users/Weizheng/git/schema_design/src/duke/hbase/cm/tdg/pdgf/../csv_data/GeneratorStatistics_1.csv
INFO Thread-2 pdgf.Controller - finished processing after 0s. Saved processing statistics file GeneratorStatistics_1.csv to /Users/Weizheng/git/schema_design/src/duke/hbase/cm/tdg/pdgf/../csv_data/GeneratorStatistics_1.csv
INFO Thread-2 pdgf.core.dataGenerator.DataGenerator - stop failed for worker: 1 force worker to die..
INFO Thread-2 pdgf.core.dataGenerator.DataGenerator - All workers stopped successfully!
INFO main pdgf.actions.LoadConfigAction - Parsing configuration file: /Users/Weizheng/git/schema_design/src/duke/hbase/cm/tdg/pdgf/z.xml
INFO main pdgf.actions.LoadConfigAction - parsing config file data...
INFO main pdgf.core.dbSchema.Project - Config File is <project> configuration...
INFO main pdgf.output.CSVRowOutput - Testing specified output dir... 
INFO main pdgf.output.CSVRowOutput -  Created file: ../csv_data/OUTPUT_TEST.csv
INFO main pdgf.output.CSVRowOutput - Output dir ok!
INFO main pdgf.output.CSVRowOutput - Writing all files to folder: /Users/Weizheng/git/schema_design/src/duke/hbase/cm/tdg/pdgf/../csv_data/
INFO main pdgf.core.dbSchema.Project - Found 2 tables
INFO main pdgf.actions.LoadConfigAction - Configuration File "z.xml" imported without errors
INFO main pdgf.actions.LoadConfigAction - Configuration File imported without errors
INFO main pdgf.core.dataGenerator.DataGenerator - Worker count was not specified manually. Detected 4 available processors and start now same amount of workers
INFO main pdgf.output.CSVRowOutput -  Created file: ../csv_data/Z.csv
INFO main pdgf.output.CSVRowOutput -  Created file: ../csv_data/X.csv
INFO main pdgf.core.dataGenerator.DataGenerator - Data generation procces started. Created 4 workers for this task.
INFO main pdgf.Controller - Data generation procces started. Created 4 workers for this task.
INFO Thread-2 pdgf.Controller - 
INFO Thread-2 pdgf.core.dataGenerator.DataGenerator - REPORT
=======================
Max time of a worker: 26ms average time: 25
Generator overall time: 27ms
INFO Thread-2 pdgf.core.dataGenerator.DataGenerator - finished processing after 0s. Saved processing statistics file GeneratorStatistics_1.csv to /Users/Weizheng/git/schema_design/src/duke/hbase/cm/tdg/pdgf/../csv_data/GeneratorStatistics_1.csv
INFO Thread-2 pdgf.Controller - finished processing after 0s. Saved processing statistics file GeneratorStatistics_1.csv to /Users/Weizheng/git/schema_design/src/duke/hbase/cm/tdg/pdgf/../csv_data/GeneratorStatistics_1.csv
INFO Thread-2 pdgf.core.dataGenerator.DataGenerator - stop failed for worker: 1 force worker to die..
INFO Thread-2 pdgf.core.dataGenerator.DataGenerator - All workers stopped successfully!
INFO main pdgf.actions.LoadConfigAction - Parsing configuration file: /Users/Weizheng/git/schema_design/src/duke/hbase/cm/tdg/pdgf/z2.xml
INFO main pdgf.actions.LoadConfigAction - parsing config file data...
INFO main pdgf.core.dbSchema.Project - Config File is <project> configuration...
INFO main pdgf.output.CSVRowOutput - Testing specified output dir... 
INFO main pdgf.output.CSVRowOutput -  Created file: output/OUTPUT_TEST.csv
INFO main pdgf.output.CSVRowOutput - Output dir ok!
INFO main pdgf.output.CSVRowOutput - Writing all files to folder: /Users/Weizheng/git/schema_design/src/duke/hbase/cm/tdg/pdgf/output/
INFO main pdgf.core.dbSchema.Project - Found 2 tables
INFO main pdgf.actions.LoadConfigAction - Configuration File "z2.xml" imported without errors
INFO main pdgf.actions.LoadConfigAction - Configuration File imported without errors
INFO main pdgf.core.dataGenerator.DataGenerator - Worker count was not specified manually. Detected 4 available processors and start now same amount of workers
INFO main pdgf.output.CSVRowOutput -  Created file: output/Z.csv
INFO main pdgf.output.CSVRowOutput -  Created file: output/X.csv
INFO main pdgf.core.dataGenerator.DataGenerator - Data generation procces started. Created 4 workers for this task.
INFO main pdgf.Controller - Data generation procces started. Created 4 workers for this task.
INFO Thread-2 pdgf.Controller - 
INFO Thread-2 pdgf.core.dataGenerator.DataGenerator - REPORT
=======================
Max time of a worker: 30ms average time: 29
Generator overall time: 31ms
INFO Thread-2 pdgf.core.dataGenerator.DataGenerator - finished processing after 0s. Saved processing statistics file GeneratorStatistics_1.csv to /Users/Weizheng/git/schema_design/src/duke/hbase/cm/tdg/pdgf/output/GeneratorStatistics_1.csv
INFO Thread-2 pdgf.Controller - finished processing after 0s. Saved processing statistics file GeneratorStatistics_1.csv to /Users/Weizheng/git/schema_design/src/duke/hbase/cm/tdg/pdgf/output/GeneratorStatistics_1.csv
INFO Thread-2 pdgf.core.dataGenerator.DataGenerator - All workers stopped successfully!
INFO main pdgf.actions.LoadConfigAction - Parsing configuration file: /Users/Weizheng/git/schema_design/src/duke/hbase/cm/tdg/pdgf/z2.xml
INFO main pdgf.actions.LoadConfigAction - parsing config file data...
INFO main pdgf.core.dbSchema.Project - Config File is <project> configuration...
INFO main pdgf.output.CSVRowOutput - Testing specified output dir... 
INFO main pdgf.output.CSVRowOutput -  Created file: output/OUTPUT_TEST.csv
INFO main pdgf.output.CSVRowOutput - Output dir ok!
INFO main pdgf.output.CSVRowOutput - Writing all files to folder: /Users/Weizheng/git/schema_design/src/duke/hbase/cm/tdg/pdgf/output/
INFO main pdgf.core.dbSchema.Project - Found 2 tables
INFO main pdgf.actions.LoadConfigAction - Configuration File "z2.xml" imported without errors
INFO main pdgf.actions.LoadConfigAction - Configuration File imported without errors
INFO main pdgf.core.dataGenerator.DataGenerator - Worker count was not specified manually. Detected 4 available processors and start now same amount of workers
INFO main pdgf.output.CSVRowOutput -  Created file: output/Z.csv
INFO main pdgf.output.CSVRowOutput -  Created file: output/X.csv
INFO main pdgf.core.dataGenerator.DataGenerator - Data generation procces started. Created 4 workers for this task.
INFO main pdgf.Controller - Data generation procces started. Created 4 workers for this task.
INFO Thread-5 pdgf.Controller - 
INFO Thread-5 pdgf.core.dataGenerator.DataGenerator - REPORT
=======================
Max time of a worker: 23ms average time: 22
Generator overall time: 24ms
INFO Thread-5 pdgf.core.dataGenerator.DataGenerator - finished processing after 0s. Saved processing statistics file GeneratorStatistics_1.csv to /Users/Weizheng/git/schema_design/src/duke/hbase/cm/tdg/pdgf/output/GeneratorStatistics_1.csv
INFO Thread-5 pdgf.Controller - finished processing after 0s. Saved processing statistics file GeneratorStatistics_1.csv to /Users/Weizheng/git/schema_design/src/duke/hbase/cm/tdg/pdgf/output/GeneratorStatistics_1.csv
INFO Thread-5 pdgf.core.dataGenerator.DataGenerator - stop failed for worker: 4 force worker to die..
INFO Thread-5 pdgf.core.dataGenerator.DataGenerator - All workers stopped successfully!
INFO main pdgf.actions.LoadConfigAction - Parsing configuration file: /Users/Weizheng/git/schema_design/src/duke/hbase/cm/tdg/pdgf/z2.xml
INFO main pdgf.actions.LoadConfigAction - parsing config file data...
INFO main pdgf.core.dbSchema.Project - Config File is <project> configuration...
INFO main pdgf.output.CSVRowOutput - Testing specified output dir... 
INFO main pdgf.output.CSVRowOutput -  Created file: output/OUTPUT_TEST.csv
INFO main pdgf.output.CSVRowOutput - Output dir ok!
INFO main pdgf.output.CSVRowOutput - Writing all files to folder: /Users/Weizheng/git/schema_design/src/duke/hbase/cm/tdg/pdgf/output/
INFO main pdgf.core.dbSchema.Project - Found 2 tables
INFO main pdgf.actions.LoadConfigAction - Configuration File "z2.xml" imported without errors
INFO main pdgf.actions.LoadConfigAction - Configuration File imported without errors
INFO main pdgf.core.dataGenerator.DataGenerator - Worker count was not specified manually. Detected 4 available processors and start now same amount of workers
INFO main pdgf.output.CSVRowOutput -  Created file: output/Z.csv
INFO main pdgf.output.CSVRowOutput -  Created file: output/X.csv
INFO main pdgf.core.dataGenerator.DataGenerator - Data generation procces started. Created 4 workers for this task.
INFO main pdgf.Controller - Data generation procces started. Created 4 workers for this task.
INFO Thread-3 pdgf.Controller - 
INFO Thread-3 pdgf.core.dataGenerator.DataGenerator - REPORT
=======================
Max time of a worker: 26ms average time: 25
Generator overall time: 26ms
INFO Thread-3 pdgf.core.dataGenerator.DataGenerator - finished processing after 0s. Saved processing statistics file GeneratorStatistics_1.csv to /Users/Weizheng/git/schema_design/src/duke/hbase/cm/tdg/pdgf/output/GeneratorStatistics_1.csv
INFO Thread-3 pdgf.Controller - finished processing after 0s. Saved processing statistics file GeneratorStatistics_1.csv to /Users/Weizheng/git/schema_design/src/duke/hbase/cm/tdg/pdgf/output/GeneratorStatistics_1.csv
INFO Thread-3 pdgf.core.dataGenerator.DataGenerator - All workers stopped successfully!
INFO main pdgf.actions.LoadConfigAction - Parsing configuration file: /Users/Weizheng/git/schema_design/src/duke/hbase/cm/tdg/pdgf/z2.xml
INFO main pdgf.actions.LoadConfigAction - parsing config file data...
INFO main pdgf.core.dbSchema.Project - Config File is <project> configuration...
INFO main pdgf.output.CSVRowOutput - Testing specified output dir... 
INFO main pdgf.output.CSVRowOutput -  Created file: output/OUTPUT_TEST.csv
INFO main pdgf.output.CSVRowOutput - Output dir ok!
INFO main pdgf.output.CSVRowOutput - Writing all files to folder: /Users/Weizheng/git/schema_design/src/duke/hbase/cm/tdg/pdgf/output/
INFO main pdgf.core.dbSchema.Project - Found 2 tables
INFO main pdgf.actions.LoadConfigAction - Configuration File "z2.xml" imported without errors
INFO main pdgf.actions.LoadConfigAction - Configuration File imported without errors
INFO main pdgf.core.dataGenerator.DataGenerator - Worker count was not specified manually. Detected 4 available processors and start now same amount of workers
INFO main pdgf.output.CSVRowOutput -  Created file: output/Z.csv
INFO main pdgf.output.CSVRowOutput -  Created file: output/X.csv
INFO main pdgf.core.dataGenerator.DataGenerator - Data generation procces started. Created 4 workers for this task.
INFO main pdgf.Controller - Data generation procces started. Created 4 workers for this task.
INFO Thread-4 pdgf.Controller - 
INFO Thread-4 pdgf.core.dataGenerator.DataGenerator - REPORT
=======================
Max time of a worker: 24ms average time: 23
Generator overall time: 26ms
INFO Thread-4 pdgf.core.dataGenerator.DataGenerator - finished processing after 0s. Saved processing statistics file GeneratorStatistics_1.csv to /Users/Weizheng/git/schema_design/src/duke/hbase/cm/tdg/pdgf/output/GeneratorStatistics_1.csv
INFO Thread-4 pdgf.Controller - finished processing after 0s. Saved processing statistics file GeneratorStatistics_1.csv to /Users/Weizheng/git/schema_design/src/duke/hbase/cm/tdg/pdgf/output/GeneratorStatistics_1.csv
INFO Thread-4 pdgf.core.dataGenerator.DataGenerator - stop failed for worker: 3 force worker to die..
INFO Thread-4 pdgf.core.dataGenerator.DataGenerator - All workers stopped successfully!
INFO main pdgf.actions.LoadConfigAction - Parsing configuration file: /Users/Weizheng/git/schema_design/src/duke/hbase/cm/tdg/pdgf/z2.xml
INFO main pdgf.actions.LoadConfigAction - parsing config file data...
INFO main pdgf.core.dbSchema.Project - Config File is <project> configuration...
INFO main pdgf.output.CSVRowOutput - Testing specified output dir... 
INFO main pdgf.output.CSVRowOutput -  Created file: output/OUTPUT_TEST.csv
INFO main pdgf.output.CSVRowOutput - Output dir ok!
INFO main pdgf.output.CSVRowOutput - Writing all files to folder: /Users/Weizheng/git/schema_design/src/duke/hbase/cm/tdg/pdgf/output/
INFO main pdgf.core.dbSchema.Project - Found 2 tables
INFO main pdgf.actions.LoadConfigAction - Configuration File "z2.xml" imported without errors
INFO main pdgf.actions.LoadConfigAction - Configuration File imported without errors
INFO main pdgf.core.dataGenerator.DataGenerator - Worker count was not specified manually. Detected 4 available processors and start now same amount of workers
INFO main pdgf.output.CSVRowOutput -  Created file: output/Z.csv
INFO main pdgf.output.CSVRowOutput -  Created file: output/X.csv
INFO main pdgf.core.dataGenerator.DataGenerator - Data generation procces started. Created 4 workers for this task.
INFO main pdgf.Controller - Data generation procces started. Created 4 workers for this task.
INFO Thread-3 pdgf.Controller - 
INFO Thread-3 pdgf.core.dataGenerator.DataGenerator - REPORT
=======================
Max time of a worker: 23ms average time: 23
Generator overall time: 25ms
INFO Thread-3 pdgf.core.dataGenerator.DataGenerator - finished processing after 0s. Saved processing statistics file GeneratorStatistics_1.csv to /Users/Weizheng/git/schema_design/src/duke/hbase/cm/tdg/pdgf/output/GeneratorStatistics_1.csv
INFO Thread-3 pdgf.Controller - finished processing after 0s. Saved processing statistics file GeneratorStatistics_1.csv to /Users/Weizheng/git/schema_design/src/duke/hbase/cm/tdg/pdgf/output/GeneratorStatistics_1.csv
INFO Thread-3 pdgf.core.dataGenerator.DataGenerator - stop failed for worker: 2 force worker to die..
INFO Thread-3 pdgf.core.dataGenerator.DataGenerator - All workers stopped successfully!
INFO main pdgf.actions.LoadConfigAction - Parsing configuration file: /Users/Weizheng/git/schema_design/src/duke/hbase/cm/tdg/pdgf/z.xml
INFO main pdgf.actions.LoadConfigAction - parsing config file data...
INFO main pdgf.core.dbSchema.Project - Config File is <project> configuration...
INFO main pdgf.output.CSVRowOutput - Testing specified output dir... 
INFO main pdgf.output.CSVRowOutput -  Created file: output/OUTPUT_TEST.csv
INFO main pdgf.output.CSVRowOutput - Output dir ok!
INFO main pdgf.output.CSVRowOutput - Writing all files to folder: /Users/Weizheng/git/schema_design/src/duke/hbase/cm/tdg/pdgf/output/
INFO main pdgf.core.dbSchema.Project - Found 2 tables
INFO main pdgf.actions.LoadConfigAction - Configuration File "z.xml" imported without errors
INFO main pdgf.actions.LoadConfigAction - Configuration File imported without errors
INFO main pdgf.core.dataGenerator.DataGenerator - Worker count was not specified manually. Detected 4 available processors and start now same amount of workers
INFO main pdgf.output.CSVRowOutput -  Created file: output/Z.csv
INFO main pdgf.output.CSVRowOutput -  Created file: output/X.csv
INFO main pdgf.core.dataGenerator.DataGenerator - Data generation procces started. Created 4 workers for this task.
INFO main pdgf.Controller - Data generation procces started. Created 4 workers for this task.
INFO Thread-5 pdgf.Controller - 
INFO Thread-5 pdgf.core.dataGenerator.DataGenerator - REPORT
=======================
Max time of a worker: 21ms average time: 20
Generator overall time: 22ms
INFO Thread-5 pdgf.core.dataGenerator.DataGenerator - finished processing after 0s. Saved processing statistics file GeneratorStatistics_1.csv to /Users/Weizheng/git/schema_design/src/duke/hbase/cm/tdg/pdgf/output/GeneratorStatistics_1.csv
INFO Thread-5 pdgf.Controller - finished processing after 0s. Saved processing statistics file GeneratorStatistics_1.csv to /Users/Weizheng/git/schema_design/src/duke/hbase/cm/tdg/pdgf/output/GeneratorStatistics_1.csv
INFO Thread-5 pdgf.core.dataGenerator.DataGenerator - stop failed for worker: 4 force worker to die..
INFO Thread-5 pdgf.core.dataGenerator.DataGenerator - All workers stopped successfully!
INFO main pdgf.actions.LoadConfigAction - Parsing configuration file: /Users/Weizheng/git/schema_design/src/duke/hbase/cm/tdg/pdgf/z.xml
INFO main pdgf.actions.LoadConfigAction - parsing config file data...
INFO main pdgf.core.dbSchema.Project - Config File is <project> configuration...
INFO main pdgf.output.CSVRowOutput - Testing specified output dir... 
INFO main pdgf.output.CSVRowOutput -  Created file: output/OUTPUT_TEST.csv
INFO main pdgf.output.CSVRowOutput - Output dir ok!
INFO main pdgf.output.CSVRowOutput - Writing all files to folder: /Users/Weizheng/git/schema_design/src/duke/hbase/cm/tdg/pdgf/output/
INFO main pdgf.core.dbSchema.Project - Found 2 tables
INFO main pdgf.actions.LoadConfigAction - Configuration File "z.xml" imported without errors
INFO main pdgf.actions.LoadConfigAction - Configuration File imported without errors
INFO main pdgf.core.dataGenerator.DataGenerator - Worker count was not specified manually. Detected 4 available processors and start now same amount of workers
INFO main pdgf.output.CSVRowOutput -  Created file: output/Z.csv
INFO main pdgf.output.CSVRowOutput -  Created file: output/X.csv
INFO main pdgf.core.dataGenerator.DataGenerator - Data generation procces started. Created 4 workers for this task.
INFO main pdgf.Controller - Data generation procces started. Created 4 workers for this task.
INFO Thread-5 pdgf.Controller - 
INFO Thread-5 pdgf.core.dataGenerator.DataGenerator - REPORT
=======================
Max time of a worker: 22ms average time: 21
Generator overall time: 23ms
INFO Thread-5 pdgf.core.dataGenerator.DataGenerator - finished processing after 0s. Saved processing statistics file GeneratorStatistics_1.csv to /Users/Weizheng/git/schema_design/src/duke/hbase/cm/tdg/pdgf/output/GeneratorStatistics_1.csv
INFO Thread-5 pdgf.Controller - finished processing after 0s. Saved processing statistics file GeneratorStatistics_1.csv to /Users/Weizheng/git/schema_design/src/duke/hbase/cm/tdg/pdgf/output/GeneratorStatistics_1.csv
INFO Thread-5 pdgf.core.dataGenerator.DataGenerator - All workers stopped successfully!
INFO main pdgf.actions.LoadConfigAction - Parsing configuration file: /Users/Weizheng/git/schema_design/src/duke/hbase/cm/tdg/pdgf/z.xml
INFO main pdgf.actions.LoadConfigAction - parsing config file data...
INFO main pdgf.core.dbSchema.Project - Config File is <project> configuration...
INFO main pdgf.output.CSVRowOutput - Testing specified output dir... 
INFO main pdgf.output.CSVRowOutput -  Created file: output/OUTPUT_TEST.csv
INFO main pdgf.output.CSVRowOutput - Output dir ok!
INFO main pdgf.output.CSVRowOutput - Writing all files to folder: /Users/Weizheng/git/schema_design/src/duke/hbase/cm/tdg/pdgf/output/
INFO main pdgf.core.dbSchema.Project - Found 2 tables
INFO main pdgf.actions.LoadConfigAction - Configuration File "z.xml" imported without errors
INFO main pdgf.actions.LoadConfigAction - Configuration File imported without errors
INFO main pdgf.core.dataGenerator.DataGenerator - Worker count was not specified manually. Detected 4 available processors and start now same amount of workers
INFO main pdgf.output.CSVRowOutput -  Created file: output/Z.csv
INFO main pdgf.output.CSVRowOutput -  Created file: output/X.csv
INFO main pdgf.core.dataGenerator.DataGenerator - Data generation procces started. Created 4 workers for this task.
INFO main pdgf.Controller - Data generation procces started. Created 4 workers for this task.
INFO Thread-5 pdgf.Controller - 
INFO Thread-5 pdgf.core.dataGenerator.DataGenerator - REPORT
=======================
Max time of a worker: 20ms average time: 20
Generator overall time: 22ms
INFO Thread-5 pdgf.core.dataGenerator.DataGenerator - finished processing after 0s. Saved processing statistics file GeneratorStatistics_1.csv to /Users/Weizheng/git/schema_design/src/duke/hbase/cm/tdg/pdgf/output/GeneratorStatistics_1.csv
INFO Thread-5 pdgf.Controller - finished processing after 0s. Saved processing statistics file GeneratorStatistics_1.csv to /Users/Weizheng/git/schema_design/src/duke/hbase/cm/tdg/pdgf/output/GeneratorStatistics_1.csv
INFO Thread-5 pdgf.core.dataGenerator.DataGenerator - stop failed for worker: 4 force worker to die..
INFO Thread-5 pdgf.core.dataGenerator.DataGenerator - All workers stopped successfully!
INFO main pdgf.actions.LoadConfigAction - Parsing configuration file: /Users/Weizheng/git/schema_design/src/duke/hbase/cm/tdg/pdgf/z.xml
INFO main pdgf.actions.LoadConfigAction - parsing config file data...
INFO main pdgf.core.dbSchema.Project - Config File is <project> configuration...
INFO main pdgf.output.CSVRowOutput - Testing specified output dir... 
INFO main pdgf.output.CSVRowOutput -  Created file: output/OUTPUT_TEST.csv
INFO main pdgf.output.CSVRowOutput - Output dir ok!
INFO main pdgf.output.CSVRowOutput - Writing all files to folder: /Users/Weizheng/git/schema_design/src/duke/hbase/cm/tdg/pdgf/output/
INFO main pdgf.core.dbSchema.Project - Found 2 tables
INFO main pdgf.actions.LoadConfigAction - Configuration File "z.xml" imported without errors
INFO main pdgf.actions.LoadConfigAction - Configuration File imported without errors
INFO main pdgf.core.dataGenerator.DataGenerator - Worker count was not specified manually. Detected 4 available processors and start now same amount of workers
INFO main pdgf.output.CSVRowOutput -  Created file: output/Z.csv
INFO main pdgf.output.CSVRowOutput -  Created file: output/X.csv
INFO main pdgf.core.dataGenerator.DataGenerator - Data generation procces started. Created 4 workers for this task.
INFO main pdgf.Controller - Data generation procces started. Created 4 workers for this task.
INFO Thread-4 pdgf.Controller - 
INFO Thread-4 pdgf.core.dataGenerator.DataGenerator - REPORT
=======================
Max time of a worker: 27ms average time: 26
Generator overall time: 27ms
INFO Thread-4 pdgf.core.dataGenerator.DataGenerator - finished processing after 0s. Saved processing statistics file GeneratorStatistics_1.csv to /Users/Weizheng/git/schema_design/src/duke/hbase/cm/tdg/pdgf/output/GeneratorStatistics_1.csv
INFO Thread-4 pdgf.Controller - finished processing after 0s. Saved processing statistics file GeneratorStatistics_1.csv to /Users/Weizheng/git/schema_design/src/duke/hbase/cm/tdg/pdgf/output/GeneratorStatistics_1.csv
INFO Thread-4 pdgf.core.dataGenerator.DataGenerator - All workers stopped successfully!
INFO main pdgf.actions.LoadConfigAction - Parsing configuration file: /Users/Weizheng/git/schema_design/src/duke/hbase/cm/tdg/pdgf/z.xml
INFO main pdgf.actions.LoadConfigAction - parsing config file data...
INFO main pdgf.core.dbSchema.Project - Config File is <project> configuration...
INFO main pdgf.output.CSVRowOutput - Testing specified output dir... 
INFO main pdgf.output.CSVRowOutput -  Created file: output/OUTPUT_TEST.csv
INFO main pdgf.output.CSVRowOutput - Output dir ok!
INFO main pdgf.output.CSVRowOutput - Writing all files to folder: /Users/Weizheng/git/schema_design/src/duke/hbase/cm/tdg/pdgf/output/
INFO main pdgf.core.dbSchema.Project - Found 2 tables
INFO main pdgf.actions.LoadConfigAction - Configuration File "z.xml" imported without errors
INFO main pdgf.actions.LoadConfigAction - Configuration File imported without errors
INFO main pdgf.core.dataGenerator.DataGenerator - Worker count was not specified manually. Detected 4 available processors and start now same amount of workers
INFO main pdgf.output.CSVRowOutput -  Created file: output/Z.csv
INFO main pdgf.output.CSVRowOutput -  Created file: output/X.csv
INFO main pdgf.core.dataGenerator.DataGenerator - Data generation procces started. Created 4 workers for this task.
INFO main pdgf.Controller - Data generation procces started. Created 4 workers for this task.
INFO Thread-2 pdgf.Controller - 
INFO Thread-2 pdgf.core.dataGenerator.DataGenerator - REPORT
=======================
Max time of a worker: 27ms average time: 25
Generator overall time: 28ms
INFO Thread-2 pdgf.core.dataGenerator.DataGenerator - finished processing after 0s. Saved processing statistics file GeneratorStatistics_1.csv to /Users/Weizheng/git/schema_design/src/duke/hbase/cm/tdg/pdgf/output/GeneratorStatistics_1.csv
INFO Thread-2 pdgf.Controller - finished processing after 0s. Saved processing statistics file GeneratorStatistics_1.csv to /Users/Weizheng/git/schema_design/src/duke/hbase/cm/tdg/pdgf/output/GeneratorStatistics_1.csv
INFO Thread-2 pdgf.core.dataGenerator.DataGenerator - stop failed for worker: 1 force worker to die..
INFO Thread-2 pdgf.core.dataGenerator.DataGenerator - All workers stopped successfully!
